<?xml version="1.0" encoding="UTF-8"?>
<!-- Generated by org.testng.reporters.JUnitXMLReporter -->
<testsuite ignored="0" hostname="LTIN489064" failures="0" tests="6" name="chrometest" time="58.153" errors="0" timestamp="2025-07-15T12:36:13 IST">
  <testcase classname="testCases.TSC002_Car_Insurance_Quote" name="testCarInsuranceSelection" time="6.233"/>
  <testcase classname="testCases.TSC002_Car_Insurance_Quote" name="testCarInsuranceSelection" time="6.031"/>
  <testcase classname="testCases.TSC002_Car_Insurance_Quote" name="testCarInsuranceSelection" time="5.94"/>
  <testcase classname="testCases.TSC002_Car_Insurance_Quote" name="testCarInsuranceSelection" time="6.669"/>
  <testcase classname="testCases.TSC003_Health_Insurance_Menu" name="Test1" time="0.424"/>
  <testcase classname="testCases.TSC003_Health_Insurance_Menu" name="Test2" time="2.964"/>
</testsuite> <!-- chrometest -->
