<?xml version="1.0" encoding="UTF-8"?>
<!-- Generated by org.testng.reporters.JUnitXMLReporter -->
<testsuite ignored="0" hostname="LTIN488891" failures="0" tests="10" name="chrometest" time="144.531" errors="0" timestamp="2025-07-19T17:12:27 IST">
  <testcase classname="testCases.TSC001_Student_Travel_Insurance" name="testStudentTravelInsurancePlans" time="20.864"/>
  <testcase classname="testCases.TSC001_Student_Travel_Insurance" name="testStudentTravelInsurancePlans" time="15.357"/>
  <testcase classname="testCases.TSC001_Student_Travel_Insurance" name="testStudentTravelInsurancePlans" time="15.991"/>
  <testcase classname="testCases.TSC001_Student_Travel_Insurance" name="testStudentTravelInsurancePlans" time="14.918"/>
  <testcase classname="testCases.TSC002_Car_Insurance_Quote" name="testCarInsuranceInvalidContactDetailsErrorMessage" time="9.72"/>
  <testcase classname="testCases.TSC002_Car_Insurance_Quote" name="testCarInsuranceInvalidContactDetailsErrorMessage" time="5.838"/>
  <testcase classname="testCases.TSC002_Car_Insurance_Quote" name="testCarInsuranceInvalidContactDetailsErrorMessage" time="6.329"/>
  <testcase classname="testCases.TSC002_Car_Insurance_Quote" name="testCarInsuranceInvalidContactDetailsErrorMessage" time="6.213"/>
  <testcase classname="testCases.TSC003_Health_Insurance_Menu" name="testHealthInsuranceDropdownAndClickability" time="0.507"/>
  <testcase classname="testCases.TSC003_Health_Insurance_Menu" name="testHealthInsuranceMenuClickAndRedirect" time="2.653"/>
</testsuite> <!-- chrometest -->
