<?xml version="1.0" encoding="UTF-8"?>
<testng-results ignored="0" total="10" passed="10" failed="0" skipped="0">
  <reporter-output>
  </reporter-output>
  <suite started-at="2025-07-14T15:36:59 IST" name="Suite" finished-at="2025-07-14T15:40:48 IST" duration-ms="229009">
    <groups>
    </groups>
    <test started-at="2025-07-14T15:36:59 IST" name="chrometest" finished-at="2025-07-14T15:40:48 IST" duration-ms="229009">
      <class name="testCases.TSC001_Student_Travel_Insurance">
        <test-method is-config="true" signature="setup(java.lang.String,java.lang.String)[pri:0, instance:testCases.TSC001_Student_Travel_Insurance@3a0baae5]" started-at="2025-07-14T15:36:59 IST" name="setup" finished-at="2025-07-14T15:37:03 IST" duration-ms="3186" status="PASS">
          <params>
            <param index="0">
              <value>
                <![CDATA[Windows]]>
              </value>
            </param>
            <param index="1">
              <value>
                <![CDATA[chrome]]>
              </value>
            </param>
          </params>
          <reporter-output>
          </reporter-output>
        </test-method> <!-- setup -->
        <test-method is-config="true" signature="start()[pri:0, instance:testCases.TSC001_Student_Travel_Insurance@3a0baae5]" started-at="2025-07-14T15:37:04 IST" name="start" finished-at="2025-07-14T15:37:05 IST" duration-ms="1738" status="PASS">
          <reporter-output>
          </reporter-output>
        </test-method> <!-- start -->
        <test-method signature="Execute(java.lang.String,java.lang.String,java.lang.String,java.lang.String,java.lang.String,java.lang.String,java.lang.String)[pri:0, instance:testCases.TSC001_Student_Travel_Insurance@3a0baae5]" started-at="2025-07-14T15:37:05 IST" name="Execute" data-provider="TravelInsurance" finished-at="2025-07-14T15:37:39 IST" duration-ms="33604" status="PASS">
          <params>
            <param index="0">
              <value>
                <![CDATA[Germany]]>
              </value>
            </param>
            <param index="1">
              <value>
                <![CDATA[2025/July/21]]>
              </value>
            </param>
            <param index="2">
              <value>
                <![CDATA[2025/August/25]]>
              </value>
            </param>
            <param index="3">
              <value>
                <![CDATA[2]]>
              </value>
            </param>
            <param index="4">
              <value>
                <![CDATA[22]]>
              </value>
            </param>
            <param index="5">
              <value>
                <![CDATA[21]]>
              </value>
            </param>
            <param index="6">
              <value>
                <![CDATA[30 Days]]>
              </value>
            </param>
          </params>
          <reporter-output>
          </reporter-output>
        </test-method> <!-- Execute -->
        <test-method is-config="true" signature="restart()[pri:0, instance:testCases.TSC001_Student_Travel_Insurance@3a0baae5]" started-at="2025-07-14T15:37:39 IST" name="restart" finished-at="2025-07-14T15:37:40 IST" duration-ms="1365" status="PASS">
          <reporter-output>
          </reporter-output>
        </test-method> <!-- restart -->
        <test-method is-config="true" signature="start()[pri:0, instance:testCases.TSC001_Student_Travel_Insurance@3a0baae5]" started-at="2025-07-14T15:37:40 IST" name="start" finished-at="2025-07-14T15:37:41 IST" duration-ms="658" status="PASS">
          <reporter-output>
          </reporter-output>
        </test-method> <!-- start -->
        <test-method signature="Execute(java.lang.String,java.lang.String,java.lang.String,java.lang.String,java.lang.String,java.lang.String,java.lang.String)[pri:0, instance:testCases.TSC001_Student_Travel_Insurance@3a0baae5]" started-at="2025-07-14T15:37:41 IST" name="Execute" data-provider="TravelInsurance" finished-at="2025-07-14T15:38:16 IST" duration-ms="34626" status="PASS">
          <params>
            <param index="0">
              <value>
                <![CDATA[France]]>
              </value>
            </param>
            <param index="1">
              <value>
                <![CDATA[2025/August/15]]>
              </value>
            </param>
            <param index="2">
              <value>
                <![CDATA[2025/October/1]]>
              </value>
            </param>
            <param index="3">
              <value>
                <![CDATA[2]]>
              </value>
            </param>
            <param index="4">
              <value>
                <![CDATA[21]]>
              </value>
            </param>
            <param index="5">
              <value>
                <![CDATA[22]]>
              </value>
            </param>
            <param index="6">
              <value>
                <![CDATA[60 Days]]>
              </value>
            </param>
          </params>
          <reporter-output>
          </reporter-output>
        </test-method> <!-- Execute -->
        <test-method is-config="true" signature="restart()[pri:0, instance:testCases.TSC001_Student_Travel_Insurance@3a0baae5]" started-at="2025-07-14T15:38:16 IST" name="restart" finished-at="2025-07-14T15:38:17 IST" duration-ms="1465" status="PASS">
          <reporter-output>
          </reporter-output>
        </test-method> <!-- restart -->
        <test-method is-config="true" signature="start()[pri:0, instance:testCases.TSC001_Student_Travel_Insurance@3a0baae5]" started-at="2025-07-14T15:38:17 IST" name="start" finished-at="2025-07-14T15:38:18 IST" duration-ms="822" status="PASS">
          <reporter-output>
          </reporter-output>
        </test-method> <!-- start -->
        <test-method signature="Execute(java.lang.String,java.lang.String,java.lang.String,java.lang.String,java.lang.String,java.lang.String,java.lang.String)[pri:0, instance:testCases.TSC001_Student_Travel_Insurance@3a0baae5]" started-at="2025-07-14T15:38:18 IST" name="Execute" data-provider="TravelInsurance" finished-at="2025-07-14T15:38:54 IST" duration-ms="35680" status="PASS">
          <params>
            <param index="0">
              <value>
                <![CDATA[Italy]]>
              </value>
            </param>
            <param index="1">
              <value>
                <![CDATA[2025/September/20]]>
              </value>
            </param>
            <param index="2">
              <value>
                <![CDATA[2025/November/20]]>
              </value>
            </param>
            <param index="3">
              <value>
                <![CDATA[2]]>
              </value>
            </param>
            <param index="4">
              <value>
                <![CDATA[21]]>
              </value>
            </param>
            <param index="5">
              <value>
                <![CDATA[22]]>
              </value>
            </param>
            <param index="6">
              <value>
                <![CDATA[90 Days]]>
              </value>
            </param>
          </params>
          <reporter-output>
          </reporter-output>
        </test-method> <!-- Execute -->
        <test-method is-config="true" signature="restart()[pri:0, instance:testCases.TSC001_Student_Travel_Insurance@3a0baae5]" started-at="2025-07-14T15:38:54 IST" name="restart" finished-at="2025-07-14T15:38:55 IST" duration-ms="1606" status="PASS">
          <reporter-output>
          </reporter-output>
        </test-method> <!-- restart -->
        <test-method is-config="true" signature="start()[pri:0, instance:testCases.TSC001_Student_Travel_Insurance@3a0baae5]" started-at="2025-07-14T15:38:55 IST" name="start" finished-at="2025-07-14T15:38:56 IST" duration-ms="859" status="PASS">
          <reporter-output>
          </reporter-output>
        </test-method> <!-- start -->
        <test-method signature="Execute(java.lang.String,java.lang.String,java.lang.String,java.lang.String,java.lang.String,java.lang.String,java.lang.String)[pri:0, instance:testCases.TSC001_Student_Travel_Insurance@3a0baae5]" started-at="2025-07-14T15:38:56 IST" name="Execute" data-provider="TravelInsurance" finished-at="2025-07-14T15:39:37 IST" duration-ms="40721" status="PASS">
          <params>
            <param index="0">
              <value>
                <![CDATA[Switzerland]]>
              </value>
            </param>
            <param index="1">
              <value>
                <![CDATA[2025/November/20]]>
              </value>
            </param>
            <param index="2">
              <value>
                <![CDATA[2026/January/4]]>
              </value>
            </param>
            <param index="3">
              <value>
                <![CDATA[2]]>
              </value>
            </param>
            <param index="4">
              <value>
                <![CDATA[22]]>
              </value>
            </param>
            <param index="5">
              <value>
                <![CDATA[21]]>
              </value>
            </param>
            <param index="6">
              <value>
                <![CDATA[60 Days]]>
              </value>
            </param>
          </params>
          <reporter-output>
          </reporter-output>
        </test-method> <!-- Execute -->
        <test-method is-config="true" signature="restart()[pri:0, instance:testCases.TSC001_Student_Travel_Insurance@3a0baae5]" started-at="2025-07-14T15:39:37 IST" name="restart" finished-at="2025-07-14T15:39:38 IST" duration-ms="1355" status="PASS">
          <reporter-output>
          </reporter-output>
        </test-method> <!-- restart -->
        <test-method is-config="true" signature="tearDown()[pri:0, instance:testCases.TSC001_Student_Travel_Insurance@3a0baae5]" started-at="2025-07-14T15:39:38 IST" name="tearDown" finished-at="2025-07-14T15:39:43 IST" duration-ms="4511" status="PASS">
          <reporter-output>
          </reporter-output>
        </test-method> <!-- tearDown -->
      </class> <!-- testCases.TSC001_Student_Travel_Insurance -->
      <class name="testCases.TSC003_Health_Insurance_Menu">
        <test-method is-config="true" signature="setup(java.lang.String,java.lang.String)[pri:0, instance:testCases.TSC003_Health_Insurance_Menu@77825085]" started-at="2025-07-14T15:40:36 IST" name="setup" finished-at="2025-07-14T15:40:38 IST" duration-ms="2140" status="PASS">
          <params>
            <param index="0">
              <value>
                <![CDATA[Windows]]>
              </value>
            </param>
            <param index="1">
              <value>
                <![CDATA[chrome]]>
              </value>
            </param>
          </params>
          <reporter-output>
          </reporter-output>
        </test-method> <!-- setup -->
        <test-method is-config="true" signature="start()[pri:0, instance:testCases.TSC003_Health_Insurance_Menu@77825085]" started-at="2025-07-14T15:40:38 IST" name="start" finished-at="2025-07-14T15:40:40 IST" duration-ms="1908" status="PASS">
          <reporter-output>
          </reporter-output>
        </test-method> <!-- start -->
        <test-method signature="Test1()[pri:0, instance:testCases.TSC003_Health_Insurance_Menu@77825085]" started-at="2025-07-14T15:40:40 IST" name="Test1" finished-at="2025-07-14T15:40:40 IST" duration-ms="267" status="PASS">
          <reporter-output>
          </reporter-output>
        </test-method> <!-- Test1 -->
        <test-method is-config="true" signature="restart()[pri:0, instance:testCases.TSC003_Health_Insurance_Menu@77825085]" started-at="2025-07-14T15:40:40 IST" name="restart" finished-at="2025-07-14T15:40:41 IST" duration-ms="734" status="PASS">
          <reporter-output>
          </reporter-output>
        </test-method> <!-- restart -->
        <test-method is-config="true" signature="start()[pri:0, instance:testCases.TSC003_Health_Insurance_Menu@77825085]" started-at="2025-07-14T15:40:41 IST" name="start" finished-at="2025-07-14T15:40:42 IST" duration-ms="595" status="PASS">
          <reporter-output>
          </reporter-output>
        </test-method> <!-- start -->
        <test-method signature="Test2()[pri:0, instance:testCases.TSC003_Health_Insurance_Menu@77825085]" started-at="2025-07-14T15:40:42 IST" name="Test2" finished-at="2025-07-14T15:40:44 IST" duration-ms="2280" status="PASS">
          <reporter-output>
          </reporter-output>
        </test-method> <!-- Test2 -->
        <test-method is-config="true" signature="restart()[pri:0, instance:testCases.TSC003_Health_Insurance_Menu@77825085]" started-at="2025-07-14T15:40:44 IST" name="restart" finished-at="2025-07-14T15:40:45 IST" duration-ms="1334" status="PASS">
          <reporter-output>
          </reporter-output>
        </test-method> <!-- restart -->
        <test-method is-config="true" signature="tearDown()[pri:0, instance:testCases.TSC003_Health_Insurance_Menu@77825085]" started-at="2025-07-14T15:40:45 IST" name="tearDown" finished-at="2025-07-14T15:40:48 IST" duration-ms="2967" status="PASS">
          <reporter-output>
          </reporter-output>
        </test-method> <!-- tearDown -->
      </class> <!-- testCases.TSC003_Health_Insurance_Menu -->
      <class name="testCases.TSC002_Car_Insurance_Quote">
        <test-method is-config="true" signature="setup(java.lang.String,java.lang.String)[pri:0, instance:testCases.TSC002_Car_Insurance_Quote@5143c662]" started-at="2025-07-14T15:39:43 IST" name="setup" finished-at="2025-07-14T15:39:45 IST" duration-ms="2669" status="PASS">
          <params>
            <param index="0">
              <value>
                <![CDATA[Windows]]>
              </value>
            </param>
            <param index="1">
              <value>
                <![CDATA[chrome]]>
              </value>
            </param>
          </params>
          <reporter-output>
          </reporter-output>
        </test-method> <!-- setup -->
        <test-method is-config="true" signature="start()[pri:0, instance:testCases.TSC002_Car_Insurance_Quote@5143c662]" started-at="2025-07-14T15:39:46 IST" name="start" finished-at="2025-07-14T15:39:48 IST" duration-ms="2064" status="PASS">
          <reporter-output>
          </reporter-output>
        </test-method> <!-- start -->
        <test-method signature="testCarInsuranceSelection(java.lang.String,java.lang.String,java.lang.String,java.lang.String,java.lang.String,java.lang.String,java.lang.String)[pri:0, instance:testCases.TSC002_Car_Insurance_Quote@5143c662]" started-at="2025-07-14T15:39:48 IST" name="testCarInsuranceSelection" data-provider="CarInsurance" finished-at="2025-07-14T15:40:14 IST" duration-ms="25662" status="PASS">
          <params>
            <param index="0">
              <value>
                <![CDATA[Gurugram]]>
              </value>
            </param>
            <param index="1">
              <value>
                <![CDATA[MARUTI]]>
              </value>
            </param>
            <param index="2">
              <value>
                <![CDATA[DZIRE]]>
              </value>
            </param>
            <param index="3">
              <value>
                <![CDATA[Petrol]]>
              </value>
            </param>
            <param index="4">
              <value>
                <![CDATA[LXI (1197 cc)]]>
              </value>
            </param>
            <param index="5">
              <value>
                <![CDATA[Rhea]]>
              </value>
            </param>
            <param index="6">
              <value>
                <![CDATA[12345]]>
              </value>
            </param>
          </params>
          <reporter-output>
          </reporter-output>
        </test-method> <!-- testCarInsuranceSelection -->
        <test-method is-config="true" signature="restart()[pri:0, instance:testCases.TSC002_Car_Insurance_Quote@5143c662]" started-at="2025-07-14T15:40:14 IST" name="restart" finished-at="2025-07-14T15:40:15 IST" duration-ms="695" status="PASS">
          <reporter-output>
          </reporter-output>
        </test-method> <!-- restart -->
        <test-method is-config="true" signature="start()[pri:0, instance:testCases.TSC002_Car_Insurance_Quote@5143c662]" started-at="2025-07-14T15:40:15 IST" name="start" finished-at="2025-07-14T15:40:15 IST" duration-ms="756" status="PASS">
          <reporter-output>
          </reporter-output>
        </test-method> <!-- start -->
        <test-method signature="testCarInsuranceSelection(java.lang.String,java.lang.String,java.lang.String,java.lang.String,java.lang.String,java.lang.String,java.lang.String)[pri:0, instance:testCases.TSC002_Car_Insurance_Quote@5143c662]" started-at="2025-07-14T15:40:15 IST" name="testCarInsuranceSelection" data-provider="CarInsurance" finished-at="2025-07-14T15:40:20 IST" duration-ms="5125" status="PASS">
          <params>
            <param index="0">
              <value>
                <![CDATA[Noida]]>
              </value>
            </param>
            <param index="1">
              <value>
                <![CDATA[TATA]]>
              </value>
            </param>
            <param index="2">
              <value>
                <![CDATA[Punch]]>
              </value>
            </param>
            <param index="3">
              <value>
                <![CDATA[CNG]]>
              </value>
            </param>
            <param index="4">
              <value>
                <![CDATA[Adventure Rhythm iCNG (1199 cc)]]>
              </value>
            </param>
            <param index="5">
              <value>
                <![CDATA[Priya]]>
              </value>
            </param>
            <param index="6">
              <value>
                <![CDATA[12345678]]>
              </value>
            </param>
          </params>
          <reporter-output>
          </reporter-output>
        </test-method> <!-- testCarInsuranceSelection -->
        <test-method is-config="true" signature="restart()[pri:0, instance:testCases.TSC002_Car_Insurance_Quote@5143c662]" started-at="2025-07-14T15:40:20 IST" name="restart" finished-at="2025-07-14T15:40:21 IST" duration-ms="848" status="PASS">
          <reporter-output>
          </reporter-output>
        </test-method> <!-- restart -->
        <test-method is-config="true" signature="start()[pri:0, instance:testCases.TSC002_Car_Insurance_Quote@5143c662]" started-at="2025-07-14T15:40:21 IST" name="start" finished-at="2025-07-14T15:40:22 IST" duration-ms="554" status="PASS">
          <reporter-output>
          </reporter-output>
        </test-method> <!-- start -->
        <test-method signature="testCarInsuranceSelection(java.lang.String,java.lang.String,java.lang.String,java.lang.String,java.lang.String,java.lang.String,java.lang.String)[pri:0, instance:testCases.TSC002_Car_Insurance_Quote@5143c662]" started-at="2025-07-14T15:40:22 IST" name="testCarInsuranceSelection" data-provider="CarInsurance" finished-at="2025-07-14T15:40:27 IST" duration-ms="5132" status="PASS">
          <params>
            <param index="0">
              <value>
                <![CDATA[Hyderabad]]>
              </value>
            </param>
            <param index="1">
              <value>
                <![CDATA[Maruti]]>
              </value>
            </param>
            <param index="2">
              <value>
                <![CDATA[Brezza]]>
              </value>
            </param>
            <param index="3">
              <value>
                <![CDATA[Petrol]]>
              </value>
            </param>
            <param index="4">
              <value>
                <![CDATA[LXi (1462 cc)]]>
              </value>
            </param>
            <param index="5">
              <value>
                <![CDATA[Shravya]]>
              </value>
            </param>
            <param index="6">
              <value>
                <![CDATA[98456]]>
              </value>
            </param>
          </params>
          <reporter-output>
          </reporter-output>
        </test-method> <!-- testCarInsuranceSelection -->
        <test-method is-config="true" signature="restart()[pri:0, instance:testCases.TSC002_Car_Insurance_Quote@5143c662]" started-at="2025-07-14T15:40:27 IST" name="restart" finished-at="2025-07-14T15:40:27 IST" duration-ms="359" status="PASS">
          <reporter-output>
          </reporter-output>
        </test-method> <!-- restart -->
        <test-method is-config="true" signature="start()[pri:0, instance:testCases.TSC002_Car_Insurance_Quote@5143c662]" started-at="2025-07-14T15:40:27 IST" name="start" finished-at="2025-07-14T15:40:28 IST" duration-ms="509" status="PASS">
          <reporter-output>
          </reporter-output>
        </test-method> <!-- start -->
        <test-method signature="testCarInsuranceSelection(java.lang.String,java.lang.String,java.lang.String,java.lang.String,java.lang.String,java.lang.String,java.lang.String)[pri:0, instance:testCases.TSC002_Car_Insurance_Quote@5143c662]" started-at="2025-07-14T15:40:28 IST" name="testCarInsuranceSelection" data-provider="CarInsurance" finished-at="2025-07-14T15:40:33 IST" duration-ms="5166" status="PASS">
          <params>
            <param index="0">
              <value>
                <![CDATA[Mumbai]]>
              </value>
            </param>
            <param index="1">
              <value>
                <![CDATA[HYUNDAI]]>
              </value>
            </param>
            <param index="2">
              <value>
                <![CDATA[i 20]]>
              </value>
            </param>
            <param index="3">
              <value>
                <![CDATA[External CNG Kit]]>
              </value>
            </param>
            <param index="4">
              <value>
                <![CDATA[Sportz 1.2 IVT (1197 cc)]]>
              </value>
            </param>
            <param index="5">
              <value>
                <![CDATA[shreelakshmi]]>
              </value>
            </param>
            <param index="6">
              <value>
                <![CDATA[908675]]>
              </value>
            </param>
          </params>
          <reporter-output>
          </reporter-output>
        </test-method> <!-- testCarInsuranceSelection -->
        <test-method is-config="true" signature="restart()[pri:0, instance:testCases.TSC002_Car_Insurance_Quote@5143c662]" started-at="2025-07-14T15:40:33 IST" name="restart" finished-at="2025-07-14T15:40:33 IST" duration-ms="413" status="PASS">
          <reporter-output>
          </reporter-output>
        </test-method> <!-- restart -->
        <test-method is-config="true" signature="tearDown()[pri:0, instance:testCases.TSC002_Car_Insurance_Quote@5143c662]" started-at="2025-07-14T15:40:33 IST" name="tearDown" finished-at="2025-07-14T15:40:36 IST" duration-ms="2719" status="PASS">
          <reporter-output>
          </reporter-output>
        </test-method> <!-- tearDown -->
      </class> <!-- testCases.TSC002_Car_Insurance_Quote -->
    </test> <!-- chrometest -->
  </suite> <!-- Suite -->
</testng-results>
