<?xml version="1.0" encoding="UTF-8"?>
<testng-results ignored="0" total="6" passed="6" failed="0" skipped="0">
  <reporter-output>
  </reporter-output>
  <suite started-at="2025-07-15T12:44:04 IST" name="Suite" finished-at="2025-07-15T12:45:04 IST" duration-ms="59405">
    <groups>
    </groups>
    <test started-at="2025-07-15T12:44:04 IST" name="chrometest" finished-at="2025-07-15T12:45:04 IST" duration-ms="59405">
      <class name="testCases.TSC003_Health_Insurance_Menu">
        <test-method is-config="true" signature="setup(java.lang.String,java.lang.String)[pri:0, instance:testCases.TSC003_Health_Insurance_Menu@289710d9]" started-at="2025-07-15T12:44:49 IST" name="setup" finished-at="2025-07-15T12:44:52 IST" duration-ms="2348" status="PASS">
          <params>
            <param index="0">
              <value>
                <![CDATA[Windows]]>
              </value>
            </param>
            <param index="1">
              <value>
                <![CDATA[chrome]]>
              </value>
            </param>
          </params>
          <reporter-output>
          </reporter-output>
        </test-method> <!-- setup -->
        <test-method is-config="true" signature="start()[pri:0, instance:testCases.TSC003_Health_Insurance_Menu@289710d9]" started-at="2025-07-15T12:44:52 IST" name="start" finished-at="2025-07-15T12:44:54 IST" duration-ms="1934" status="PASS">
          <reporter-output>
          </reporter-output>
        </test-method> <!-- start -->
        <test-method signature="Test1()[pri:0, instance:testCases.TSC003_Health_Insurance_Menu@289710d9]" started-at="2025-07-15T12:44:54 IST" name="Test1" finished-at="2025-07-15T12:44:54 IST" duration-ms="660" status="PASS">
          <reporter-output>
          </reporter-output>
        </test-method> <!-- Test1 -->
        <test-method is-config="true" signature="restart()[pri:0, instance:testCases.TSC003_Health_Insurance_Menu@289710d9]" started-at="2025-07-15T12:44:54 IST" name="restart" finished-at="2025-07-15T12:44:56 IST" duration-ms="1006" status="PASS">
          <reporter-output>
          </reporter-output>
        </test-method> <!-- restart -->
        <test-method is-config="true" signature="start()[pri:0, instance:testCases.TSC003_Health_Insurance_Menu@289710d9]" started-at="2025-07-15T12:44:56 IST" name="start" finished-at="2025-07-15T12:44:57 IST" duration-ms="1017" status="PASS">
          <reporter-output>
          </reporter-output>
        </test-method> <!-- start -->
        <test-method signature="Test2()[pri:0, instance:testCases.TSC003_Health_Insurance_Menu@289710d9]" started-at="2025-07-15T12:44:57 IST" name="Test2" finished-at="2025-07-15T12:44:59 IST" duration-ms="2416" status="PASS">
          <reporter-output>
          </reporter-output>
        </test-method> <!-- Test2 -->
        <test-method is-config="true" signature="restart()[pri:0, instance:testCases.TSC003_Health_Insurance_Menu@289710d9]" started-at="2025-07-15T12:44:59 IST" name="restart" finished-at="2025-07-15T12:45:01 IST" duration-ms="1583" status="PASS">
          <reporter-output>
          </reporter-output>
        </test-method> <!-- restart -->
        <test-method is-config="true" signature="tearDown()[pri:0, instance:testCases.TSC003_Health_Insurance_Menu@289710d9]" started-at="2025-07-15T12:45:01 IST" name="tearDown" finished-at="2025-07-15T12:45:04 IST" duration-ms="3000" status="PASS">
          <reporter-output>
          </reporter-output>
        </test-method> <!-- tearDown -->
      </class> <!-- testCases.TSC003_Health_Insurance_Menu -->
      <class name="testCases.TSC002_Car_Insurance_Quote">
        <test-method is-config="true" signature="setup(java.lang.String,java.lang.String)[pri:0, instance:testCases.TSC002_Car_Insurance_Quote@79179359]" started-at="2025-07-15T12:44:05 IST" name="setup" finished-at="2025-07-15T12:44:07 IST" duration-ms="2746" status="PASS">
          <params>
            <param index="0">
              <value>
                <![CDATA[Windows]]>
              </value>
            </param>
            <param index="1">
              <value>
                <![CDATA[chrome]]>
              </value>
            </param>
          </params>
          <reporter-output>
          </reporter-output>
        </test-method> <!-- setup -->
        <test-method is-config="true" signature="start()[pri:0, instance:testCases.TSC002_Car_Insurance_Quote@79179359]" started-at="2025-07-15T12:44:09 IST" name="start" finished-at="2025-07-15T12:44:12 IST" duration-ms="3545" status="PASS">
          <reporter-output>
          </reporter-output>
        </test-method> <!-- start -->
        <test-method signature="testCarInsuranceSelection(java.lang.String,java.lang.String,java.lang.String,java.lang.String,java.lang.String,java.lang.String,java.lang.String)[pri:0, instance:testCases.TSC002_Car_Insurance_Quote@79179359]" started-at="2025-07-15T12:44:12 IST" name="testCarInsuranceSelection" data-provider="CarInsurance" finished-at="2025-07-15T12:44:19 IST" duration-ms="6672" status="PASS">
          <params>
            <param index="0">
              <value>
                <![CDATA[Gurugram]]>
              </value>
            </param>
            <param index="1">
              <value>
                <![CDATA[MARUTI]]>
              </value>
            </param>
            <param index="2">
              <value>
                <![CDATA[DZIRE]]>
              </value>
            </param>
            <param index="3">
              <value>
                <![CDATA[Petrol]]>
              </value>
            </param>
            <param index="4">
              <value>
                <![CDATA[LXI (1197 cc)]]>
              </value>
            </param>
            <param index="5">
              <value>
                <![CDATA[Rhea]]>
              </value>
            </param>
            <param index="6">
              <value>
                <![CDATA[12345]]>
              </value>
            </param>
          </params>
          <reporter-output>
          </reporter-output>
        </test-method> <!-- testCarInsuranceSelection -->
        <test-method is-config="true" signature="restart()[pri:0, instance:testCases.TSC002_Car_Insurance_Quote@79179359]" started-at="2025-07-15T12:44:19 IST" name="restart" finished-at="2025-07-15T12:44:20 IST" duration-ms="672" status="PASS">
          <reporter-output>
          </reporter-output>
        </test-method> <!-- restart -->
        <test-method is-config="true" signature="start()[pri:0, instance:testCases.TSC002_Car_Insurance_Quote@79179359]" started-at="2025-07-15T12:44:20 IST" name="start" finished-at="2025-07-15T12:44:22 IST" duration-ms="2073" status="PASS">
          <reporter-output>
          </reporter-output>
        </test-method> <!-- start -->
        <test-method signature="testCarInsuranceSelection(java.lang.String,java.lang.String,java.lang.String,java.lang.String,java.lang.String,java.lang.String,java.lang.String)[pri:0, instance:testCases.TSC002_Car_Insurance_Quote@79179359]" started-at="2025-07-15T12:44:22 IST" name="testCarInsuranceSelection" data-provider="CarInsurance" finished-at="2025-07-15T12:44:28 IST" duration-ms="6042" status="PASS">
          <params>
            <param index="0">
              <value>
                <![CDATA[Noida]]>
              </value>
            </param>
            <param index="1">
              <value>
                <![CDATA[TATA]]>
              </value>
            </param>
            <param index="2">
              <value>
                <![CDATA[Punch]]>
              </value>
            </param>
            <param index="3">
              <value>
                <![CDATA[CNG]]>
              </value>
            </param>
            <param index="4">
              <value>
                <![CDATA[Adventure Rhythm iCNG (1199 cc)]]>
              </value>
            </param>
            <param index="5">
              <value>
                <![CDATA[Priya]]>
              </value>
            </param>
            <param index="6">
              <value>
                <![CDATA[12345678]]>
              </value>
            </param>
          </params>
          <reporter-output>
          </reporter-output>
        </test-method> <!-- testCarInsuranceSelection -->
        <test-method is-config="true" signature="restart()[pri:0, instance:testCases.TSC002_Car_Insurance_Quote@79179359]" started-at="2025-07-15T12:44:28 IST" name="restart" finished-at="2025-07-15T12:44:29 IST" duration-ms="719" status="PASS">
          <reporter-output>
          </reporter-output>
        </test-method> <!-- restart -->
        <test-method is-config="true" signature="start()[pri:0, instance:testCases.TSC002_Car_Insurance_Quote@79179359]" started-at="2025-07-15T12:44:29 IST" name="start" finished-at="2025-07-15T12:44:31 IST" duration-ms="2083" status="PASS">
          <reporter-output>
          </reporter-output>
        </test-method> <!-- start -->
        <test-method signature="testCarInsuranceSelection(java.lang.String,java.lang.String,java.lang.String,java.lang.String,java.lang.String,java.lang.String,java.lang.String)[pri:0, instance:testCases.TSC002_Car_Insurance_Quote@79179359]" started-at="2025-07-15T12:44:31 IST" name="testCarInsuranceSelection" data-provider="CarInsurance" finished-at="2025-07-15T12:44:36 IST" duration-ms="5494" status="PASS">
          <params>
            <param index="0">
              <value>
                <![CDATA[Hyderabad]]>
              </value>
            </param>
            <param index="1">
              <value>
                <![CDATA[Maruti]]>
              </value>
            </param>
            <param index="2">
              <value>
                <![CDATA[Brezza]]>
              </value>
            </param>
            <param index="3">
              <value>
                <![CDATA[Petrol]]>
              </value>
            </param>
            <param index="4">
              <value>
                <![CDATA[LXi (1462 cc)]]>
              </value>
            </param>
            <param index="5">
              <value>
                <![CDATA[Shravya]]>
              </value>
            </param>
            <param index="6">
              <value>
                <![CDATA[98456]]>
              </value>
            </param>
          </params>
          <reporter-output>
          </reporter-output>
        </test-method> <!-- testCarInsuranceSelection -->
        <test-method is-config="true" signature="restart()[pri:0, instance:testCases.TSC002_Car_Insurance_Quote@79179359]" started-at="2025-07-15T12:44:36 IST" name="restart" finished-at="2025-07-15T12:44:37 IST" duration-ms="904" status="PASS">
          <reporter-output>
          </reporter-output>
        </test-method> <!-- restart -->
        <test-method is-config="true" signature="start()[pri:0, instance:testCases.TSC002_Car_Insurance_Quote@79179359]" started-at="2025-07-15T12:44:37 IST" name="start" finished-at="2025-07-15T12:44:39 IST" duration-ms="2012" status="PASS">
          <reporter-output>
          </reporter-output>
        </test-method> <!-- start -->
        <test-method signature="testCarInsuranceSelection(java.lang.String,java.lang.String,java.lang.String,java.lang.String,java.lang.String,java.lang.String,java.lang.String)[pri:0, instance:testCases.TSC002_Car_Insurance_Quote@79179359]" started-at="2025-07-15T12:44:39 IST" name="testCarInsuranceSelection" data-provider="CarInsurance" finished-at="2025-07-15T12:44:45 IST" duration-ms="6119" status="PASS">
          <params>
            <param index="0">
              <value>
                <![CDATA[Mumbai]]>
              </value>
            </param>
            <param index="1">
              <value>
                <![CDATA[HYUNDAI]]>
              </value>
            </param>
            <param index="2">
              <value>
                <![CDATA[i 20]]>
              </value>
            </param>
            <param index="3">
              <value>
                <![CDATA[External CNG Kit]]>
              </value>
            </param>
            <param index="4">
              <value>
                <![CDATA[Sportz 1.2 IVT (1197 cc)]]>
              </value>
            </param>
            <param index="5">
              <value>
                <![CDATA[shreelakshmi]]>
              </value>
            </param>
            <param index="6">
              <value>
                <![CDATA[908675]]>
              </value>
            </param>
          </params>
          <reporter-output>
          </reporter-output>
        </test-method> <!-- testCarInsuranceSelection -->
        <test-method is-config="true" signature="restart()[pri:0, instance:testCases.TSC002_Car_Insurance_Quote@79179359]" started-at="2025-07-15T12:44:46 IST" name="restart" finished-at="2025-07-15T12:44:46 IST" duration-ms="787" status="PASS">
          <reporter-output>
          </reporter-output>
        </test-method> <!-- restart -->
        <test-method is-config="true" signature="tearDown()[pri:0, instance:testCases.TSC002_Car_Insurance_Quote@79179359]" started-at="2025-07-15T12:44:46 IST" name="tearDown" finished-at="2025-07-15T12:44:49 IST" duration-ms="3038" status="PASS">
          <reporter-output>
          </reporter-output>
        </test-method> <!-- tearDown -->
      </class> <!-- testCases.TSC002_Car_Insurance_Quote -->
    </test> <!-- chrometest -->
  </suite> <!-- Suite -->
</testng-results>
